{"/Users/anthony/Documents/Code/AS/summer-competition-dashboard/api/src/server.ts": {"path":"/Users/anthony/Documents/Code/AS/summer-competition-dashboard/api/src/server.ts","statementMap":{"0":{"start":{"line":1,"column":0},"end":{"line":1,"column":24}},"1":{"start":{"line":2,"column":0},"end":{"line":2,"column":30}},"2":{"start":{"line":3,"column":0},"end":{"line":3,"column":61}},"3":{"start":{"line":4,"column":0},"end":{"line":4,"column":55}},"4":{"start":{"line":5,"column":0},"end":{"line":5,"column":59}},"5":{"start":{"line":6,"column":0},"end":{"line":6,"column":71}},"6":{"start":{"line":9,"column":13},"end":{"line":9,"column":37}},"7":{"start":{"line":12,"column":20},"end":{"line":46,"column":1}},"8":{"start":{"line":13,"column":4},"end":{"line":13,"column":63}},"9":{"start":{"line":14,"column":4},"end":{"line":14,"column":37}},"10":{"start":{"line":15,"column":4},"end":{"line":15,"column":63}},"11":{"start":{"line":16,"column":4},"end":{"line":16,"column":null}},"12":{"start":{"line":17,"column":4},"end":{"line":17,"column":null}},"13":{"start":{"line":19,"column":4},"end":{"line":19,"column":63}},"14":{"start":{"line":20,"column":4},"end":{"line":20,"column":44}},"15":{"start":{"line":21,"column":4},"end":{"line":21,"column":63}},"16":{"start":{"line":22,"column":4},"end":{"line":22,"column":36}},"17":{"start":{"line":23,"column":4},"end":{"line":23,"column":33}},"18":{"start":{"line":25,"column":4},"end":{"line":25,"column":63}},"19":{"start":{"line":26,"column":4},"end":{"line":26,"column":46}},"20":{"start":{"line":27,"column":4},"end":{"line":27,"column":63}},"21":{"start":{"line":28,"column":4},"end":{"line":30,"column":7}},"22":{"start":{"line":29,"column":8},"end":{"line":29,"column":56}},"23":{"start":{"line":32,"column":4},"end":{"line":32,"column":63}},"24":{"start":{"line":33,"column":4},"end":{"line":33,"column":46}},"25":{"start":{"line":34,"column":4},"end":{"line":34,"column":63}},"26":{"start":{"line":35,"column":4},"end":{"line":35,"column":35}},"27":{"start":{"line":37,"column":4},"end":{"line":37,"column":63}},"28":{"start":{"line":38,"column":4},"end":{"line":38,"column":33}},"29":{"start":{"line":39,"column":4},"end":{"line":39,"column":63}},"30":{"start":{"line":40,"column":4},"end":{"line":40,"column":48}},"31":{"start":{"line":41,"column":4},"end":{"line":45,"column":7}},"32":{"start":{"line":42,"column":8},"end":{"line":42,"column":67}},"33":{"start":{"line":43,"column":8},"end":{"line":43,"column":79}},"34":{"start":{"line":44,"column":8},"end":{"line":44,"column":67}},"35":{"start":{"line":12,"column":13},"end":{"line":12,"column":20}},"36":{"start":{"line":48,"column":24},"end":{"line":48,"column":83}},"37":{"start":{"line":48,"column":43},"end":{"line":48,"column":83}},"38":{"start":{"line":48,"column":13},"end":{"line":48,"column":24}},"39":{"start":{"line":50,"column":0},"end":{"line":50,"column":7}}},"fnMap":{"0":{"name":"(anonymous_1)","decl":{"start":{"line":12,"column":20},"end":{"line":12,"column":23}},"loc":{"start":{"line":12,"column":25},"end":{"line":46,"column":1}}},"1":{"name":"(anonymous_2)","decl":{"start":{"line":28,"column":41},"end":{"line":28,"column":42}},"loc":{"start":{"line":28,"column":60},"end":{"line":30,"column":5}}},"2":{"name":"(anonymous_3)","decl":{"start":{"line":41,"column":42},"end":{"line":41,"column":45}},"loc":{"start":{"line":41,"column":47},"end":{"line":45,"column":5}}},"3":{"name":"(anonymous_4)","decl":{"start":{"line":48,"column":24},"end":{"line":48,"column":25}},"loc":{"start":{"line":48,"column":43},"end":{"line":48,"column":83}}}},"branchMap":{"0":{"loc":{"start":{"line":48,"column":43},"end":{"line":48,"column":83}},"type":"binary-expr","locations":[{"start":{"line":48,"column":43},"end":{"line":48,"column":53}},{"start":{"line":48,"column":57},"end":{"line":48,"column":83}}]}},"s":{"0":1,"1":1,"2":1,"3":1,"4":1,"5":1,"6":1,"7":1,"8":1,"9":1,"10":1,"11":1,"12":1,"13":1,"14":1,"15":1,"16":1,"17":1,"18":1,"19":1,"20":1,"21":1,"22":0,"23":1,"24":1,"25":1,"26":1,"27":1,"28":1,"29":1,"30":1,"31":1,"32":1,"33":1,"34":1,"35":1,"36":1,"37":1,"38":1,"39":1},"f":{"0":1,"1":0,"2":1,"3":1},"b":{"0":[1,1]}}
,"/Users/anthony/Documents/Code/AS/summer-competition-dashboard/api/src/config/config.ts": {"path":"/Users/anthony/Documents/Code/AS/summer-competition-dashboard/api/src/config/config.ts","statementMap":{"0":{"start":{"line":1,"column":0},"end":{"line":1,"column":27}},"1":{"start":{"line":3,"column":0},"end":{"line":3,"column":null}},"2":{"start":{"line":5,"column":13},"end":{"line":5,"column":66}},"3":{"start":{"line":6,"column":13},"end":{"line":6,"column":52}},"4":{"start":{"line":8,"column":13},"end":{"line":8,"column":74}},"5":{"start":{"line":9,"column":13},"end":{"line":9,"column":93}},"6":{"start":{"line":11,"column":13},"end":{"line":14,"column":2}}},"fnMap":{},"branchMap":{"0":{"loc":{"start":{"line":8,"column":31},"end":{"line":8,"column":73}},"type":"binary-expr","locations":[{"start":{"line":8,"column":31},"end":{"line":8,"column":58}},{"start":{"line":8,"column":62},"end":{"line":8,"column":73}}]},"1":{"loc":{"start":{"line":9,"column":27},"end":{"line":9,"column":92}},"type":"cond-expr","locations":[{"start":{"line":9,"column":53},"end":{"line":9,"column":84}},{"start":{"line":9,"column":87},"end":{"line":9,"column":92}}]}},"s":{"0":1,"1":1,"2":1,"3":1,"4":1,"5":1,"6":1},"f":{},"b":{"0":[1,0],"1":[1,0]}}
,"/Users/anthony/Documents/Code/AS/summer-competition-dashboard/api/src/middleware/corsHandler.ts": {"path":"/Users/anthony/Documents/Code/AS/summer-competition-dashboard/api/src/middleware/corsHandler.ts","statementMap":{"0":{"start":{"line":3,"column":0},"end":{"line":3,"column":16}},"1":{"start":{"line":4,"column":4},"end":{"line":4,"column":null}},"2":{"start":{"line":5,"column":4},"end":{"line":5,"column":null}},"3":{"start":{"line":6,"column":4},"end":{"line":6,"column":null}},"4":{"start":{"line":8,"column":4},"end":{"line":11,"column":5}},"5":{"start":{"line":9,"column":8},"end":{"line":9,"column":84}},"6":{"start":{"line":10,"column":8},"end":{"line":10,"column":40}},"7":{"start":{"line":13,"column":4},"end":{"line":13,"column":11}}},"fnMap":{"0":{"name":"corsHandler","decl":{"start":{"line":3,"column":16},"end":{"line":3,"column":27}},"loc":{"start":{"line":3,"column":75},"end":{"line":14,"column":1}}}},"branchMap":{"0":{"loc":{"start":{"line":8,"column":4},"end":{"line":11,"column":5}},"type":"if","locations":[{"start":{"line":8,"column":4},"end":{"line":11,"column":5}}]}},"s":{"0":1,"1":1,"2":1,"3":1,"4":1,"5":1,"6":1,"7":0},"f":{"0":1},"b":{"0":[1]}}
,"/Users/anthony/Documents/Code/AS/summer-competition-dashboard/api/src/middleware/loggingHandler.ts": {"path":"/Users/anthony/Documents/Code/AS/summer-competition-dashboard/api/src/middleware/loggingHandler.ts","statementMap":{"0":{"start":{"line":3,"column":0},"end":{"line":3,"column":16}},"1":{"start":{"line":4,"column":4},"end":{"line":4,"column":110}},"2":{"start":{"line":6,"column":4},"end":{"line":8,"column":7}},"3":{"start":{"line":7,"column":8},"end":{"line":7,"column":144}},"4":{"start":{"line":10,"column":4},"end":{"line":10,"column":11}}},"fnMap":{"0":{"name":"loggingHandler","decl":{"start":{"line":3,"column":16},"end":{"line":3,"column":30}},"loc":{"start":{"line":3,"column":78},"end":{"line":11,"column":1}}},"1":{"name":"(anonymous_1)","decl":{"start":{"line":6,"column":21},"end":{"line":6,"column":24}},"loc":{"start":{"line":6,"column":26},"end":{"line":8,"column":5}}}},"branchMap":{},"s":{"0":1,"1":1,"2":1,"3":1,"4":1},"f":{"0":1,"1":1},"b":{}}
,"/Users/anthony/Documents/Code/AS/summer-competition-dashboard/api/src/middleware/routeNotFound.ts": {"path":"/Users/anthony/Documents/Code/AS/summer-competition-dashboard/api/src/middleware/routeNotFound.ts","statementMap":{"0":{"start":{"line":3,"column":0},"end":{"line":3,"column":16}},"1":{"start":{"line":4,"column":18},"end":{"line":4,"column":46}},"2":{"start":{"line":6,"column":4},"end":{"line":6,"column":null}},"3":{"start":{"line":8,"column":4},"end":{"line":8,"column":58}}},"fnMap":{"0":{"name":"routeNotFound","decl":{"start":{"line":3,"column":16},"end":{"line":3,"column":29}},"loc":{"start":{"line":3,"column":77},"end":{"line":9,"column":1}}}},"branchMap":{},"s":{"0":1,"1":0,"2":0,"3":0},"f":{"0":0},"b":{}}
}
